
12-06-2019 à 14:23:51 Connexion de Admin [ Admin ]
12-06-2019 à 15:32:28 Connexion de Admin [ Admin ]
12-06-2019 à 15:45:09 Déconnexion de Admin [ Admin ]
12-06-2019 à 15:45:16 Tentative de connexion avec l'identifiant [ Admin ] et le mot de passe [ @dm|n5667 ]
12-06-2019 à 15:45:23 Connexion de Admin [ Admin ]
12-06-2019 à 16:25:58 Déconnexion de Admin [ Admin ]
12-06-2019 à 16:26:03 Tentative de connexion avec l'identifiant [  ] et le mot de passe [  ]
12-06-2019 à 16:26:08 Connexion de Admin [ Admin ]
13-06-2019 à 14:02:23 Connexion de Admin [ Admin ]
13-06-2019 à 16:25:59 Connexion de Admin [ Admin ]
14-06-2019 à 09:19:29 Tentative de connexion avec l'identifiant [ Admin ] et le mot de passe [ @dm|n5667 ]
14-06-2019 à 09:20:04 Tentative de connexion avec l'identifiant [ Admin ] et le mot de passe [ @dm|nB@|ler ]
14-06-2019 à 09:20:11 Connexion de Admin [ Admin ]
14-06-2019 à 10:11:45 Déconnexion de Admin [ Admin ]
14-06-2019 à 10:11:56 Connexion de Admin [ Admin ]
14-06-2019 à 11:09:11 Connexion de Admin [ Admin ]
14-06-2019 à 11:09:27 Déconnexion de Admin [ Admin ]
14-06-2019 à 11:15:56 Connexion de Admin [ Admin ]
14-06-2019 à 11:21:58 Déconnexion de Admin [ Admin ]
14-06-2019 à 11:22:06 Connexion de Admin [ Admin ]
14-06-2019 à 13:01:00 Connexion de Admin [ Admin ]
14-06-2019 à 13:21:52 Connexion de Admin [ Admin ]
14-06-2019 à 15:31:16 Déconnexion de Admin [ Admin ]
14-06-2019 à 15:31:17 Tentative de connexion avec l'identifiant [ :w! ] et le mot de passe [  ]
14-06-2019 à 15:31:38 Connexion de Admin [ Admin ]
14-06-2019 à 15:42:42 Déconnexion de Admin [ Admin ]
14-06-2019 à 15:43:01 Connexion de Admin [ Admin ]
18-06-2019 à 11:05:28 Connexion de Admin [ Admin ]
18-06-2019 à 13:48:57 Connexion de Admin [ Admin ]
19-06-2019 à 09:10:34 Connexion de Admin [ Admin ]
19-06-2019 à 13:09:31 Connexion de Admin [ Admin ]
21-06-2019 à 13:30:58 Connexion de Admin [ Admin ]
21-06-2019 à 14:26:16 Déconnexion de Admin [ Admin ]
21-06-2019 à 15:19:51 Connexion de Admin [ Admin ]
21-06-2019 à 15:20:00 Connexion de Admin [ Admin ]
21-06-2019 à 15:20:13 Connexion de Admin [ Admin ]
21-06-2019 à 15:30:17 Tentative de connexion avec l'identifiant [ Admin ] et le mot de passe [ @dm|n5667 ]
21-06-2019 à 15:30:24 Tentative de connexion avec l'identifiant [ Admin ] et le mot de passe [ @dm|n5667 ]
21-06-2019 à 15:30:44 Tentative de connexion avec l'identifiant [ Admin ] et le mot de passe [ @dm|n5667 ]
25-06-2019 à 11:22:35 Connexion de Admin [ Admin ]
25-06-2019 à 11:23:28 Connexion de Admin [ Admin ]
27-06-2019 à 16:47:36 Connexion de Admin [ Admin ]
30-07-2019 à 15:37:14 Tentative de connexion avec l'identifiant [ Admin ] et le mot de passe [ @dm|n5667 ]
30-07-2019 à 15:37:30 Tentative de connexion avec l'identifiant [ Admin ] et le mot de passe [ @dm|n5667 ]
30-07-2019 à 15:37:53 Connexion de Admin [ Admin ]
31-07-2019 à 09:31:50 Tentative de connexion avec l'identifiant [  ] et le mot de passe [  ]
31-07-2019 à 09:31:57 Connexion de Admin [ Admin ]
31-07-2019 à 10:12:16 Déconnexion de Admin [ Admin ]
31-07-2019 à 10:12:30 Connexion de Admin [ Admin ]
31-07-2019 à 10:27:43 Déconnexion de Admin [ Admin ]
31-07-2019 à 10:27:53 Connexion de Admin [ Admin ]
01-08-2019 à 10:54:32 Connexion de Admin [ Admin ]
02-08-2019 à 14:39:06 Connexion de Admin [ Admin ]
05-08-2019 à 16:17:48 Connexion de Admin [ Admin ]
06-08-2019 à 15:03:36 Connexion de Admin [ Admin ]
09-09-2019 à 11:45:31 Connexion de Admin [ Admin ]
16-09-2019 à 14:43:24 Tentative de connexion avec l'identifiant [ Admin ] et le mot de passe [ @dm|n5667 ]
16-09-2019 à 14:43:32 Tentative de connexion avec l'identifiant [ Admin ] et le mot de passe [ @dm|n5667 ]
30-09-2019 à 16:07:47 Connexion de Admin [ Admin ]
17-10-2019 à 15:50:36 Connexion de Admin [ Admin ]
21-10-2019 à 15:51:00 Tentative de connexion avec l'identifiant [ Admin ] et le mot de passe [ @dm|n5667 ]
21-10-2019 à 15:51:27 Connexion de Admin [ Admin ]
21-10-2019 à 16:07:04 Connexion de Admin [ Admin ]
22-10-2019 à 11:09:34 Connexion de Admin [ Admin ]
22-10-2019 à 12:07:20 Connexion de Admin [ Admin ]
22-10-2019 à 12:32:29 Déconnexion de Admin [ Admin ]
22-10-2019 à 12:32:34 Tentative de connexion avec l'identifiant [ test1 ] et le mot de passe [ test12 ]
22-10-2019 à 12:32:41 Connexion de test1 [ test1 ]
22-10-2019 à 12:32:44 Déconnexion de test1 [ test1 ]
22-10-2019 à 12:34:05 Connexion de Admin [ Admin ]
22-10-2019 à 14:28:08 Déconnexion de test6 [ test6 ]
22-10-2019 à 14:28:14 Tentative de connexion avec l'identifiant [ Admin ] et le mot de passe [ @dm|n5667 ]
22-10-2019 à 14:28:20 Connexion de test6 [ test6 ]
22-10-2019 à 14:28:38 Déconnexion de test6 [ test6 ]
22-10-2019 à 15:06:39 Connexion de Admin [ Admin ]
22-10-2019 à 15:19:15 Déconnexion de Admin [ Admin ]
22-10-2019 à 15:19:43 Connexion de Admin [ Admin ]
22-10-2019 à 15:43:22 Connexion de Admin [ Admin ]
22-10-2019 à 15:54:43 Déconnexion de Admin [ Admin ]
22-10-2019 à 16:06:11 Connexion de Admin [ Admin ]
22-10-2019 à 16:06:52 Déconnexion de Admin [ Admin ]
22-10-2019 à 16:16:16 Connexion de Admin [ Admin ]
22-10-2019 à 16:16:46 Déconnexion de Admin [ Admin ]
23-10-2019 à 10:23:41 Tentative de connexion avec l'identifiant [ Admin ] et le mot de passe [ @bm|nB0|ler ]
23-10-2019 à 10:23:58 Connexion de Admin [ Admin ]
23-10-2019 à 10:27:44 Déconnexion de Admin [ Admin ]
23-10-2019 à 10:34:43 Connexion de Admin [ Admin ]
23-10-2019 à 10:34:45 Déconnexion de Admin [ Admin ]
23-10-2019 à 11:10:00 Connexion de Admin [ Admin ]
23-10-2019 à 11:10:12 Déconnexion de Admin [ Admin ]
23-10-2019 à 11:23:09 Connexion de Admin [ Admin ]
23-10-2019 à 11:25:13 Déconnexion de Admin [ Admin ]
23-10-2019 à 11:42:54 Connexion de Admin [ Admin ]
23-10-2019 à 11:43:22 Déconnexion de Admin [ Admin ]
23-10-2019 à 11:44:02 Connexion de test2 [ test2 ]
23-10-2019 à 11:44:04 Déconnexion de test2 [ test2 ]
23-10-2019 à 11:57:45 Connexion de Admin [ Admin ]
23-10-2019 à 14:52:26 Connexion de Admin [ Admin ]
23-10-2019 à 14:57:33 Déconnexion de Admin [ Admin ]
23-10-2019 à 14:58:09 Connexion de Julien Desurmont [ DESURMONTJU ]
23-10-2019 à 15:32:10 Connexion de Admin [ Admin ]
23-10-2019 à 16:18:59 Déconnexion de Admin [ Admin ]
23-10-2019 à 16:19:06 Connexion de Admin [ Admin ]
23-10-2019 à 16:19:16 Déconnexion de Admin [ Admin ]
24-10-2019 à 15:35:38 Connexion de Admin [ Admin ]
24-10-2019 à 15:39:52 Tentative de connexion avec l'identifiant [ Admin ] et le mot de passe [ @dm|nB0|l;er ]
24-10-2019 à 15:40:02 Connexion de Admin [ Admin ]
24-10-2019 à 15:42:02 Déconnexion de Admin [ Admin ]
24-10-2019 à 15:42:10 Connexion de Admin [ Admin ]
24-10-2019 à 15:42:31 Déconnexion de Admin [ Admin ]
24-10-2019 à 15:42:37 Connexion de Admin [ Admin ]
24-10-2019 à 15:43:00 Déconnexion de Admin [ Admin ]
24-10-2019 à 15:47:11 Connexion de Admin [ Admin ]
24-10-2019 à 15:48:12 Déconnexion de Admin [ Admin ]
24-10-2019 à 15:48:23 Connexion de Admin [ Admin ]
24-10-2019 à 15:49:02 Connexion de Admin [ Admin ]
24-10-2019 à 15:49:09 Déconnexion de Admin [ Admin ]
24-10-2019 à 15:50:48 Connexion de Admin [ Admin ]
24-10-2019 à 15:54:01 Tentative de connexion avec l'identifiant [ Admin ] et le mot de passe [ @dm|nB0-ler ]
24-10-2019 à 15:56:46 Déconnexion de Admin [ Admin ]
24-10-2019 à 16:00:05 Connexion de Admin [ Admin ]
24-10-2019 à 16:00:47 Déconnexion de Admin [ Admin ]
24-10-2019 à 16:01:05 Connexion de Admin [ Admin ]
25-10-2019 à 10:14:32 Connexion de Admin [ Admin ]
25-10-2019 à 10:15:40 Connexion de Admin [ Admin ]
25-10-2019 à 10:15:48 Déconnexion de Admin [ Admin ]
25-10-2019 à 10:17:19 Connexion de Admin [ Admin ]
25-10-2019 à 10:40:37 Tentative de connexion avec l'identifiant [ Admin ] et le mot de passe [ @dm|n5667 ]
25-10-2019 à 10:41:19 Connexion de Admin [ Admin ]
25-10-2019 à 10:48:49 Déconnexion de Admin [ Admin ]
25-10-2019 à 10:48:59 Tentative de connexion avec l'identifiant [ a ] et le mot de passe [  ]
25-10-2019 à 10:54:42 Tentative de connexion avec l'identifiant [ Admin ] et le mot de passe [ @dm|n5667 ]
25-10-2019 à 10:54:56 Connexion de Admin [ Admin ]
No Key
25-10-2019 à 11:04:46 Déconnexion de Admin [ Admin ]
25-10-2019 à 11:05:42 Déconnexion de Admin [ Admin ]
25-10-2019 à 11:07:17 Déconnexion de Admin [ Admin ]
25-10-2019 à 11:09:27 Déconnexion de Admin [ Admin ]
25-10-2019 à 11:11:02 Connexion de Admin [ Admin ]
No Key
25-10-2019 à 11:11:03 Déconnexion de Admin [ Admin ]
25-10-2019 à 11:11:09 Connexion de Admin [ Admin ]
No Key
25-10-2019 à 11:14:02 Déconnexion de Admin [ Admin ]
25-10-2019 à 11:14:07 Connexion de Admin [ Admin ]
1No Key
25-10-2019 à 11:19:55 Déconnexion de Admin [ Admin ]
25-10-2019 à 11:20:13 Connexion de Admin [ Admin ]
25-10-2019 à 11:27:47 Déconnexion de Admin [ Admin ]
25-10-2019 à 11:28:02 Connexion de Admin [ Admin ]
1No Key test
25-10-2019 à 11:33:44 Déconnexion de Admin [ Admin ]
25-10-2019 à 11:33:50 Connexion de Admin [ Admin ]
1No Key 
Check
25-10-2019 à 11:38:04 Déconnexion de Admin [ Admin ]
25-10-2019 à 11:38:10 Connexion de Admin [ Admin ]
1No Key 
25-10-2019 à 11:42:05 Connexion de Admin [ Admin ]
1No Key 
25-10-2019 à 12:09:29 Connexion de Admin [ Admin ]
Key exist
25-10-2019 à 12:09:58 Déconnexion de Admin [ Admin ]
25-10-2019 à 12:10:04 Connexion de Admin [ Admin ]
Key exist
25-10-2019 à 12:11:01 Déconnexion de Admin [ Admin ]
25-10-2019 à 12:11:08 Connexion de Admin [ Admin ]
1No Key 
25-10-2019 à 12:14:35 Déconnexion de Admin [ Admin ]
25-10-2019 à 12:14:42 Connexion de Admin [ Admin ]
1No Key 
25-10-2019 à 12:14:54 Connexion de Admin [ Admin ]
1No Key 
25-10-2019 à 12:26:51 Déconnexion de Admin [ Admin ]
25-10-2019 à 12:27:02 Connexion de Admin [ Admin ]
Key exist
25-10-2019 à 12:27:05 Déconnexion de Admin [ Admin ]
25-10-2019 à 12:30:20 Connexion de Admin [ Admin ]
Key exist
25-10-2019 à 12:33:39 Connexion de Admin [ Admin ]
Key exist
25-10-2019 à 12:34:51 Connexion de Admin [ Admin ]
Key exist
25-10-2019 à 12:36:00 Connexion de Admin [ Admin ]
Key exist
25-10-2019 à 12:38:32 Connexion de Admin [ Admin ]
Key exist
25-10-2019 à 12:38:58 Déconnexion de Admin [ Admin ]
25-10-2019 à 12:39:03 Connexion de Admin [ Admin ]
Key exist
25-10-2019 à 12:39:13 Déconnexion de Admin [ Admin ]
25-10-2019 à 12:40:14 Connexion de Admin [ Admin ]
Key exist
25-10-2019 à 12:41:21 Déconnexion de Admin [ Admin ]
25-10-2019 à 12:41:32 Connexion de Admin [ Admin ]
Key exist
25-10-2019 à 12:43:58 Déconnexion de Admin [ Admin ]
25-10-2019 à 12:44:07 Connexion de Admin [ Admin ]
Key exist
25-10-2019 à 12:45:53 Déconnexion de Admin [ Admin ]
25-10-2019 à 12:46:20 Connexion de Admin [ Admin ]
1No Key 
25-10-2019 à 12:46:43 Déconnexion de Admin [ Admin ]
25-10-2019 à 12:46:48 Connexion de Admin [ Admin ]
Key exist
25-10-2019 à 12:47:09 Déconnexion de Admin [ Admin ]
25-10-2019 à 12:48:08 Connexion de Admin [ Admin ]
Key exist
25-10-2019 à 12:48:36 Déconnexion de Admin [ Admin ]
25-10-2019 à 12:48:53 Connexion de Admin [ Admin ]
Key exist
25-10-2019 à 12:49:42 Déconnexion de Admin [ Admin ]
25-10-2019 à 12:49:47 Connexion de Admin [ Admin ]
Key exist
25-10-2019 à 12:52:27 Déconnexion de Admin [ Admin ]
25-10-2019 à 12:52:34 Connexion de Admin [ Admin ]
Key exist
25-10-2019 à 12:54:51 Déconnexion de Admin [ Admin ]
25-10-2019 à 12:55:14 Tentative de connexion avec l'identifiant [ Admin ] et le mot de passe [ @dm|n5667 ]
25-10-2019 à 12:55:20 Connexion de Admin [ Admin ]
Key exist
25-10-2019 à 12:57:48 Déconnexion de Admin [ Admin ]
25-10-2019 à 12:57:54 Connexion de Admin [ Admin ]
Key exist
25-10-2019 à 12:57:56 Déconnexion de Admin [ Admin ]
25-10-2019 à 12:58:14 Connexion de Admin [ Admin ]
Key exist
25-10-2019 à 12:58:18 Déconnexion de Admin [ Admin ]
25-10-2019 à 12:59:28 Connexion de Admin [ Admin ]
Key exist
25-10-2019 à 12:59:32 Déconnexion de Admin [ Admin ]
25-10-2019 à 12:59:42 Connexion de Admin [ Admin ]
Key exist
25-10-2019 à 13:02:17 Déconnexion de Admin [ Admin ]
25-10-2019 à 13:02:32 Connexion de Admin [ Admin ]
Key exist
25-10-2019 à 13:04:52 Déconnexion de Admin [ Admin ]
25-10-2019 à 13:05:26 Connexion de Admin [ Admin ]
1No Key 
25-10-2019 à 13:05:44 Déconnexion de Admin [ Admin ]
25-10-2019 à 13:05:58 Connexion de Admin [ Admin ]
Key exist
25-10-2019 à 13:06:24 Déconnexion de Admin [ Admin ]
25-10-2019 à 13:38:42 Connexion de Admin [ Admin ]
Key exist
25-10-2019 à 13:39:14 Déconnexion de Admin [ Admin ]
25-10-2019 à 13:39:20 Connexion de Admin [ Admin ]
Key exist
25-10-2019 à 14:13:46 Connexion de Admin [ Admin ]
25-10-2019 à 14:19:44 Déconnexion de Admin [ Admin ]
25-10-2019 à 14:19:51 Connexion de Admin [ Admin ]
25/10/2019;14:22:59;Test
25-10-2019 à 14:22:59 Connexion de Admin [ Admin ]
25-10-2019 à 14:23:10 Déconnexion de Admin [ Admin ]
25/10/2019;14:23:57;Test
25-10-2019 à 14:23:57 Connexion de Admin [ Admin ]
25/10/2019;14:32:42;Login
25/10/2019;14:32:42;Login
25/10/2019;14:33:34;Login
25/10/2019;14:33:34;Login
25/10/2019;14:33:34;Login
25/10/2019;14:33:39;Login
25/10/2019;14:33:39;Login
25/10/2019;14:34:04;Login
25/10/2019;14:34:04;Login
25/10/2019;14:34:04;Test
25-10-2019 à 14:34:04 Connexion de Admin [ Admin ]
25/10/2019;14:34:04;Login
25/10/2019;14:34:04;Login
25/10/2019;14:34:04;Login
25/10/2019;14:35:13;Login
25/10/2019;14:35:13;Login
25/10/2019;14:36:33;Login
25/10/2019;14:36:34;Login
25/10/2019;14:36:34;Login
25/10/2019;14:36:38;Login
25/10/2019;14:36:38;Login
25/10/2019;14:37:17;Login
25/10/2019;14:37:17;Login
25/10/2019;14:37:18;Login
25/10/2019;14:37:18;Login
25/10/2019;14:37:18;Login
25/10/2019;14:37:20;Login
25/10/2019;14:37:20;Login
25/10/2019;14:38:07;Login
25/10/2019;14:38:08;Login
25/10/2019;14:38:08;Login
25/10/2019;14:38:17;Login
25/10/2019;14:38:17;Test
25-10-2019 à 14:38:17 Connexion de Admin [ Admin ]
25/10/2019;14:38:17;Login
25/10/2019;14:38:17;Login
25/10/2019;14:38:25;Login
25-10-2019 à 14:38:25 Déconnexion de Admin [ Admin ]
25/10/2019;14:38:25;Login
25/10/2019;14:38:25;Login
25/10/2019;14:39:35;Login
25/10/2019;14:39:35;Test
25-10-2019 à 14:39:35 Connexion de Admin [ Admin ]
25/10/2019;14:39:35;Login
25/10/2019;14:39:35;testLOG
25/10/2019;14:39:36;Login
25/10/2019;14:39:46;Login
25/10/2019;14:39:46;testLOG
25/10/2019;14:39:46;Login
25/10/2019;14:43:32;Login
25/10/2019;14:43:32;testLOG
25/10/2019;14:43:32;Login
25/10/2019;14:43:55;Login
25/10/2019;14:43:55;testLOG
25/10/2019;14:43:55;RENVOI
25/10/2019;14:43:55;Login
25/10/2019;14:44:00;Login
25/10/2019;14:44:00;testLOG
25/10/2019;14:44:00;RENVOI
25/10/2019;14:44:00;Login
25/10/2019;14:45:26;Login
25/10/2019;14:45:26;testLOG
25/10/2019;14:45:26;RENVOI
25/10/2019;14:45:26;Login
25/10/2019;14:45:27;Login
25/10/2019;14:45:27;testLOG
25/10/2019;14:45:27;RENVOI
25/10/2019;14:45:28;Login
25/10/2019;14:45:38;Login
25/10/2019;14:45:38;testLOG
25/10/2019;14:45:38;RENVOI
25/10/2019;14:45:39;Login
25/10/2019;14:45:40;Login
25/10/2019;14:45:40;testLOG
25/10/2019;14:45:40;RENVOI
25/10/2019;14:45:40;Login
25/10/2019;14:46:45;Login
25/10/2019;14:46:45;testLOG
25/10/2019;14:46:45;RENVOI
25/10/2019;14:46:45;Login
25/10/2019;14:46:45;testLOG
25/10/2019;14:46:45;RENVOI
25/10/2019;14:47:35;Login
25/10/2019;14:47:35;testLOG
25/10/2019;14:47:35;RENVOI
25/10/2019;14:47:35;RENVOI1
25/10/2019;14:47:35;Login
25/10/2019;14:47:39;Login
25/10/2019;14:47:39;testLOG
25/10/2019;14:47:39;RENVOI
25/10/2019;14:47:39;RENVOI1
25/10/2019;14:47:39;Login
25/10/2019;14:53:04;
25/10/2019;14:53:04;Login
25/10/2019;14:53:04;testLOG
25/10/2019;14:53:04;RENVOI
25/10/2019;14:53:04;
25/10/2019;14:53:04;Login
25/10/2019;14:54:42;HTTP/1.0 200 OK
Cache-Control: no-cache
Date:          Fri, 25 Oct 2019 12:54:42 GMT


25/10/2019;14:54:42;Login
25/10/2019;14:54:42;testLOG
25/10/2019;14:54:42;RENVOI
25/10/2019;14:54:55;HTTP/1.0 200 OK
Cache-Control: no-cache
Date:          Fri, 25 Oct 2019 12:54:55 GMT

test
25/10/2019;14:54:55;Login
25/10/2019;14:54:55;testLOG
25/10/2019;14:54:55;RENVOI
25/10/2019;14:55:34;HTTP/1.0 200 OK
Cache-Control: no-cache
Date:          Fri, 25 Oct 2019 12:55:34 GMT

test
25/10/2019;14:55:34;Login
25/10/2019;14:55:34;testLOG
25/10/2019;14:55:34;RENVOI
25/10/2019;14:55:40;HTTP/1.0 200 OK
Cache-Control: no-cache
Date:          Fri, 25 Oct 2019 12:55:40 GMT

test
25/10/2019;14:55:40;Login
25/10/2019;14:55:40;testLOG
25/10/2019;14:55:40;RENVOI
25/10/2019;14:55:44;HTTP/1.0 200 OK
Cache-Control: no-cache
Date:          Fri, 25 Oct 2019 12:55:44 GMT

test
25/10/2019;14:55:44;Login
25/10/2019;14:55:44;testLOG
25/10/2019;14:55:44;RENVOI
25/10/2019;14:56:09;
25/10/2019;14:56:09;Login
25/10/2019;14:56:09;testLOG
25/10/2019;14:56:09;RENVOI
25/10/2019;14:56:20;Login
25/10/2019;14:56:20;testLOG
25/10/2019;14:56:20;RENVOI
25/10/2019;14:56:20;Login
25/10/2019;14:58:50;Login
25/10/2019;14:58:50;testLOG
25/10/2019;14:58:50;RENVOI
25/10/2019;14:58:50;Login
25/10/2019;14:58:50;testLOG
25/10/2019;14:58:50;RENVOI
25/10/2019;15:01:56;Login
25/10/2019;15:01:56;testLOG
25/10/2019;15:01:56;RENVOI
25/10/2019;15:01:56;Login
25/10/2019;15:01:56;testLOG
25/10/2019;15:01:56;RENVOI
25/10/2019;15:02:40;Login
25/10/2019;15:02:40;testLOG
25/10/2019;15:02:40;RENVOI
25/10/2019;15:02:40;Login
25/10/2019;15:02:40;testLOG
25/10/2019;15:02:40;RENVOI
25/10/2019;15:03:03;Login
25/10/2019;15:03:03;testLOG
25/10/2019;15:03:03;RENVOI
25/10/2019;15:03:03;Login
25/10/2019;15:03:03;testLOG
25/10/2019;15:03:03;RENVOI
25/10/2019;15:04:34;Login
25/10/2019;15:04:34;testLOG
25/10/2019;15:04:34;RENVOI
25/10/2019;15:04:34;Login
25/10/2019;15:04:34;testLOG
25/10/2019;15:04:34;RENVOI
25/10/2019;15:04:34;Login
25/10/2019;15:04:34;testLOG
25/10/2019;15:04:34;RENVOI
25/10/2019;15:07:46;Login
25/10/2019;15:07:46;testLOG
25/10/2019;15:07:46;RENVOI
25/10/2019;15:07:46;Login
25/10/2019;15:07:46;testLOG
25/10/2019;15:07:46;RENVOI
25/10/2019;15:08:21;Login
25/10/2019;15:08:21;testLOG
25/10/2019;15:08:21;RENVOI
25-10-2019 à 15:08:22 Déconnexion de Admin [ Admin ]
25/10/2019;15:08:22;Login
25/10/2019;15:08:22;Login
25/10/2019;15:09:18;Login
25/10/2019;15:09:19;Login
25/10/2019;15:09:31;Login
25/10/2019;15:09:31;Login
25/10/2019;15:09:48;Login
25/10/2019;15:09:48;Login
25/10/2019;15:09:55;Login
25/10/2019;15:09:55;Login
25/10/2019;15:10:01;Login
25-10-2019 à 15:10:02 Tentative de connexion avec l'identifiant [ Admin ] et le mot de passe [ @dm|nB0|er ]
25/10/2019;15:10:02;Login
25/10/2019;15:10:02;Login
25/10/2019;15:10:46;route : lci_boilerbox_defineUserLog
25/10/2019;15:10:46;Login
25/10/2019;15:10:46;Test
25-10-2019 à 15:10:46 Connexion de Admin [ Admin ]
25/10/2019;15:10:46;route : lci_boilerbox_accesSite
25/10/2019;15:10:46;Login
25/10/2019;15:10:46;testLOG
25-10-2019 à 15:10:46 Déconnexion de Admin [ Admin ]
25/10/2019;15:10:46;route : fos_user_security_login
25/10/2019;15:10:46;Login
25/10/2019;15:10:46;route : _wdt
25/10/2019;15:10:46;Login
25/10/2019;15:12:01;route : lci_boilerbox_defineUserLog
25/10/2019;15:12:01;Login
25/10/2019;15:12:01;Test
25-10-2019 à 15:12:01 Connexion de Admin [ Admin ]
25/10/2019;15:12:01;route : lci_boilerbox_accesSite
25/10/2019;15:12:01;Login
25-10-2019 à 15:12:01 Déconnexion de Admin [ Admin ]
25/10/2019;15:12:02;route : fos_user_security_login
25/10/2019;15:12:02;Login
25/10/2019;15:12:02;route : _wdt
25/10/2019;15:12:02;Login
25/10/2019;15:13:19;route : fos_user_security_login
25/10/2019;15:13:19;Login
25/10/2019;15:13:20;route : _wdt
25/10/2019;15:13:20;Login
25/10/2019;15:13:27;route : lci_boilerbox_defineUserLog
25/10/2019;15:13:27;Login
25/10/2019;15:13:28;Test
25-10-2019 à 15:13:28 Connexion de Admin [ Admin ]
25/10/2019;15:13:28;route : lci_boilerbox_accesSite
25/10/2019;15:13:28;Login
25/10/2019;15:13:28;route : _wdt
25/10/2019;15:13:28;Login
25/10/2019;15:13:35;route : lci_gestion_parc
25/10/2019;15:13:35;Login
25/10/2019;15:13:35;TEST
25-10-2019 à 15:13:35 Déconnexion de Admin [ Admin ]
25/10/2019;15:13:35;route : fos_user_security_login
25/10/2019;15:13:35;Login
25/10/2019;15:13:36;route : _wdt
25/10/2019;15:13:36;Login
25/10/2019;15:23:44;route : lci_boilerbox_defineUserLog
25/10/2019;15:23:44;Login
25/10/2019;15:23:44;Test
25-10-2019 à 15:23:44 Connexion de Admin [ Admin ]
25/10/2019;15:23:44;route : lci_boilerbox_accesSite
25/10/2019;15:23:44;Login
25/10/2019;15:23:44;route : 
25/10/2019;15:23:44;Login
25/10/2019;15:23:44;TEST
25-10-2019 à 15:23:44 Déconnexion de Admin [ Admin ]
25/10/2019;15:23:44;route : fos_user_security_login
25/10/2019;15:23:44;Login
25/10/2019;15:23:44;route : _wdt
25/10/2019;15:23:44;Login
25/10/2019;15:24:30;route : lci_boilerbox_defineUserLog
25/10/2019;15:24:30;Login
25/10/2019;15:24:30;Test
25-10-2019 à 15:24:30 Connexion de Admin [ Admin ]
25/10/2019;15:24:30;route : lci_boilerbox_accesSite
25/10/2019;15:24:30;Login
25/10/2019;15:24:30;route : 
25/10/2019;15:24:30;Login
25/10/2019;15:24:30;TEST
25-10-2019 à 15:24:30 Déconnexion de Admin [ Admin ]
25/10/2019;15:24:30;route : fos_user_security_login
25/10/2019;15:24:30;Login
25/10/2019;15:24:30;route : _wdt
25/10/2019;15:24:30;Login
25/10/2019;15:27:46;route : fos_user_security_login
25/10/2019;15:27:46;Login
25/10/2019;15:27:46;route : _wdt
25/10/2019;15:27:46;Login
25/10/2019;15:28:01;route : lci_boilerbox_defineUserLog
25/10/2019;15:28:01;Login
25/10/2019;15:28:01;Test
25-10-2019 à 15:28:01 Connexion de Admin [ Admin ]
25/10/2019;15:28:01;route : lci_boilerbox_accesSite
25/10/2019;15:28:01;Login
25/10/2019;15:28:01;route : 
25/10/2019;15:28:01;Login
25/10/2019;15:28:01;TEST
25-10-2019 à 15:28:01 Déconnexion de Admin [ Admin ]
25/10/2019;15:28:01;route : fos_user_security_login
25/10/2019;15:28:01;Login
25/10/2019;15:28:01;route : _wdt
25/10/2019;15:28:01;Login
25/10/2019;15:31:50;route : lci_boilerbox_defineUserLog
25-10-2019 à 15:31:50 Tentative de connexion avec l'identifiant [ :w! ] et le mot de passe [  ]
25/10/2019;15:31:50;route : fos_user_security_login
25/10/2019;15:31:50;route : _wdt
25/10/2019;15:32:45;route : fos_user_security_login
25/10/2019;15:32:45;route : _wdt
25/10/2019;15:32:59;route : fos_user_security_login
25/10/2019;15:32:59;route : _wdt
25/10/2019;15:33:03;route : lci_boilerbox_defineUserLog
25/10/2019;15:33:03;Test
25-10-2019 à 15:33:03 Connexion de Admin [ Admin ]
25/10/2019;15:33:04;route : lci_boilerbox_accesSite
25/10/2019;15:33:04;route : 
25/10/2019;15:33:04;KILL
25-10-2019 à 15:33:04 Déconnexion de Admin [ Admin ]
25/10/2019;15:33:04;route : fos_user_security_login
25/10/2019;15:33:04;route : _wdt
25/10/2019;15:33:20;route : lci_boilerbox_defineUserLog
25/10/2019;15:33:20;Test
25-10-2019 à 15:33:20 Connexion de Admin [ Admin ]
25/10/2019;15:33:20;route : lci_boilerbox_accesSite
25/10/2019;15:33:48;route : lci_boilerbox_accesSite
25/10/2019;15:33:56;route : lci_boilerbox_accesSite
25/10/2019;15:33:56;route : 
25/10/2019;15:33:56;KILL
25-10-2019 à 15:33:56 Déconnexion de Admin [ Admin ]
25/10/2019;15:33:56;route : fos_user_security_login
25/10/2019;15:33:56;route : _wdt
25/10/2019;15:34:08;route : lci_boilerbox_defineUserLog
25-10-2019 à 15:34:08 Tentative de connexion avec l'identifiant [ Admin ] et le mot de passe [ @dmp|nB0|ler ]
25/10/2019;15:34:09;route : fos_user_security_login
25/10/2019;15:34:09;route : _wdt
25/10/2019;15:34:17;route : lci_boilerbox_defineUserLog
25/10/2019;15:34:17;Test
25-10-2019 à 15:34:17 Connexion de Admin [ Admin ]
25/10/2019;15:34:17;route : lci_boilerbox_accesSite
25/10/2019;15:34:18;route : 
25/10/2019;15:34:18;KILL
25-10-2019 à 15:34:18 Déconnexion de Admin [ Admin ]
25/10/2019;15:34:18;route : fos_user_security_login
25/10/2019;15:34:18;route : _wdt
25/10/2019;15:34:32;route : lci_boilerbox_defineUserLog
25/10/2019;15:34:32;Test
25-10-2019 à 15:34:32 Connexion de Admin [ Admin ]
25/10/2019;15:34:32;route : lci_boilerbox_accesSite
25/10/2019;15:34:59;route : lci_boilerbox_accesSite
25/10/2019;15:35:13;route : lci_boilerbox_defineUserLog
25-10-2019 à 15:35:13 Tentative de connexion avec l'identifiant [ Admin ] et le mot de passe [ @dm|n5667 ]
25/10/2019;15:35:13;route : fos_user_security_login
25/10/2019;15:35:13;route : _wdt
25/10/2019;15:35:21;route : lci_boilerbox_defineUserLog
25/10/2019;15:35:21;Test
25-10-2019 à 15:35:21 Connexion de Admin [ Admin ]
25/10/2019;15:35:21;route : lci_boilerbox_accesSite
25/10/2019;15:36:13;route : lci_boilerbox_accesSite
25/10/2019;15:38:58;route : lci_boilerbox_accesSite
25/10/2019;15:39:34;route : lci_boilerbox_accesSite
25/10/2019;15:39:54;route : lci_boilerbox_accesSite
25/10/2019;15:39:54;route : 
25/10/2019;15:39:54;KILL
25-10-2019 à 15:39:54 Déconnexion de Admin [ Admin ]
25/10/2019;15:39:54;route : fos_user_security_login
25/10/2019;15:39:54;route : _wdt
25/10/2019;15:41:02;route : lci_boilerbox_defineUserLog
25/10/2019;15:41:02;Test
25-10-2019 à 15:41:02 Connexion de Admin [ Admin ]
25/10/2019;15:41:02;route : lci_boilerbox_accesSite
25/10/2019;15:41:02;route : 
25/10/2019;15:41:02;route : _wdt
25/10/2019;15:41:04;route : _profiler
25/10/2019;15:41:04;route : _wdt
25/10/2019;15:41:04;route : _profiler_search_bar
25/10/2019;15:41:26;route : lci_boilerbox_accesSite
25/10/2019;15:41:26;route : _wdt
25-10-2019 à 15:49:25 Déconnexion de Admin [ Admin ]
25-10-2019 à 15:51:49 Déconnexion de Admin [ Admin ]
25/10/2019;15:51:55;Test
25-10-2019 à 15:51:55 Connexion de Admin [ Admin ]
25-10-2019 à 15:56:12 Déconnexion de Admin [ Admin ]
25/10/2019;15:56:25;Test
25-10-2019 à 15:56:25 Connexion de Admin [ Admin ]
25-10-2019 à 15:56:42 Déconnexion de Admin [ Admin ]
25/10/2019;15:58:12;Test
25-10-2019 à 15:58:12 Connexion de Admin [ Admin ]
25/10/2019;15:59:39;Test
25-10-2019 à 15:59:39 Connexion de Admin [ Admin ]
25/10/2019;16:00:33;Test
25-10-2019 à 16:00:33 Connexion de Admin [ Admin ]
25-10-2019 à 16:01:17 Déconnexion de Admin [ Admin ]
25/10/2019;16:01:24;Test
25-10-2019 à 16:01:24 Connexion de Admin [ Admin ]
25-10-2019 à 16:10:48 Déconnexion de Admin [ Admin ]
25/10/2019;16:10:53;Test
25-10-2019 à 16:10:53 Connexion de Admin [ Admin ]
25-10-2019 à 16:11:16 Déconnexion de Admin [ Admin ]
25/10/2019;16:11:21;Test
25-10-2019 à 16:11:21 Connexion de Admin [ Admin ]
25-10-2019 à 16:11:24 Déconnexion de Admin [ Admin ]
25/10/2019;16:12:27;Test
25-10-2019 à 16:12:27 Connexion de Admin [ Admin ]
25-10-2019 à 16:13:59 Déconnexion de Admin [ Admin ]
28/10/2019;09:48:18;Test
28-10-2019 à 09:48:18 Connexion de Admin [ Admin ]
28-10-2019 à 09:48:33 Déconnexion de Admin [ Admin ]
28/10/2019;09:48:41;Test
28-10-2019 à 09:48:41 Connexion de Admin [ Admin ]
28/10/2019;10:15:25;Test
28-10-2019 à 10:15:25 Connexion de Admin [ Admin ]
28-10-2019 à 10:51:41 Déconnexion de Admin [ Admin ]
28/10/2019;10:51:46;Test
28-10-2019 à 10:51:46 Connexion de Admin [ Admin ]
28/10/2019;11:51:23;Test
28-10-2019 à 11:51:23 Connexion de Admin [ Admin ]
28-10-2019 à 11:51:30 Déconnexion de Admin [ Admin ]
28/10/2019;11:51:36;Test
28-10-2019 à 11:51:36 Connexion de Admin [ Admin ]
28-10-2019 à 11:51:57 Déconnexion de Admin [ Admin ]
28/10/2019;11:52:04;Test
28-10-2019 à 11:52:04 Connexion de Admin [ Admin ]
28-10-2019 à 11:52:14 Déconnexion de Admin [ Admin ]
28-10-2019 à 11:52:26 Tentative de connexion avec l'identifiant [ Admin ] et le mot de passe [ @dm|nB0|ler@dm|nB0 ]
28/10/2019;11:52:33;Test
28-10-2019 à 11:52:33 Connexion de Admin [ Admin ]
28-10-2019 à 11:53:16 Déconnexion de Admin [ Admin ]
28/10/2019;11:53:23;Test
28-10-2019 à 11:53:23 Connexion de Admin [ Admin ]
28-10-2019 à 11:53:40 Déconnexion de Admin [ Admin ]
28/10/2019;11:53:50;Test
28-10-2019 à 11:53:50 Connexion de Admin [ Admin ]
28-10-2019 à 11:57:16 Déconnexion de Admin [ Admin ]
28/10/2019;11:57:25;Test
28-10-2019 à 11:57:25 Connexion de Admin [ Admin ]
28-10-2019 à 11:57:36 Déconnexion de Admin [ Admin ]
28/10/2019;11:58:03;Test
28-10-2019 à 11:58:03 Connexion de Admin [ Admin ]
28-10-2019 à 11:58:10 Déconnexion de Admin [ Admin ]
28/10/2019;11:58:37;Test
28-10-2019 à 11:58:37 Connexion de Admin [ Admin ]
28-10-2019 à 11:58:46 Déconnexion de Admin [ Admin ]
28/10/2019;11:59:17;Test
28-10-2019 à 11:59:17 Connexion de Admin [ Admin ]
28-10-2019 à 12:07:28 Déconnexion de Admin [ Admin ]
28/10/2019;12:07:42;Test
28-10-2019 à 12:07:42 Connexion de Admin [ Admin ]
28-10-2019 à 12:07:46 Déconnexion de Admin [ Admin ]
28/10/2019;12:10:06;Test
28-10-2019 à 12:10:06 Connexion de Admin [ Admin ]
28-10-2019 à 12:21:34 Déconnexion de Admin [ Admin ]
28/10/2019;12:21:40;Test
28-10-2019 à 12:21:40 Connexion de Admin [ Admin ]
28-10-2019 à 12:25:19 Déconnexion de Admin [ Admin ]
28/10/2019;12:25:25;Test
28-10-2019 à 12:25:25 Connexion de Admin [ Admin ]
28-10-2019 à 12:28:20 Déconnexion de Admin [ Admin ]
28/10/2019;12:28:34;Test
28-10-2019 à 12:28:34 Connexion de Admin [ Admin ]
28/10/2019;12:29:29;Test
28-10-2019 à 12:29:29 Connexion de Admin [ Admin ]
28-10-2019 à 12:39:58 Déconnexion de Admin [ Admin ]
28/10/2019;12:40:15;Test
28-10-2019 à 12:40:15 Connexion de Admin [ Admin ]
28/10/2019;12:41:42;Test
28-10-2019 à 12:41:42 Connexion de Admin [ Admin ]
28/10/2019;12:43:00;Test
28-10-2019 à 12:43:00 Connexion de Admin [ Admin ]
28-10-2019 à 12:48:55 Déconnexion de Admin [ Admin ]
28/10/2019;12:49:01;Test
28-10-2019 à 12:49:01 Connexion de Admin [ Admin ]
28/10/2019;12:49:26;Test
28-10-2019 à 12:49:26 Connexion de Admin [ Admin ]
28-10-2019 à 12:50:04 Déconnexion de Admin [ Admin ]
28/10/2019;12:50:14;Test
28-10-2019 à 12:50:14 Connexion de Admin [ Admin ]
28-10-2019 à 12:52:01 Déconnexion de Admin [ Admin ]
28/10/2019;12:52:08;Test
28-10-2019 à 12:52:08 Connexion de Admin [ Admin ]
28-10-2019 à 12:52:59 Déconnexion de Admin [ Admin ]
28/10/2019;12:53:07;Test
28-10-2019 à 12:53:07 Connexion de Admin [ Admin ]
28-10-2019 à 12:55:05 Déconnexion de Admin [ Admin ]
28/10/2019;12:55:17;Test
28-10-2019 à 12:55:17 Connexion de Admin [ Admin ]
28-10-2019 à 12:55:34 Déconnexion de Admin [ Admin ]
28/10/2019;12:55:39;Test
28-10-2019 à 12:55:39 Connexion de Admin [ Admin ]
28-10-2019 à 12:55:52 Déconnexion de Admin [ Admin ]
28/10/2019;12:56:00;Test
28-10-2019 à 12:56:00 Connexion de Admin [ Admin ]
28-10-2019 à 12:56:08 Déconnexion de Admin [ Admin ]
28/10/2019;12:56:29;Test
28-10-2019 à 12:56:29 Connexion de Admin [ Admin ]
28-10-2019 à 12:57:01 Déconnexion de Admin [ Admin ]
28/10/2019;12:57:06;Test
28-10-2019 à 12:57:06 Connexion de Admin [ Admin ]
28-10-2019 à 12:57:14 Déconnexion de Admin [ Admin ]
28/10/2019;12:57:20;Test
28-10-2019 à 12:57:20 Connexion de Admin [ Admin ]
28-10-2019 à 12:57:31 Déconnexion de Admin [ Admin ]
28/10/2019;12:57:36;Test
28-10-2019 à 12:57:36 Connexion de Admin [ Admin ]
28-10-2019 à 12:57:46 Déconnexion de Admin [ Admin ]
28/10/2019;12:57:52;Test
28-10-2019 à 12:57:52 Connexion de Admin [ Admin ]
28-10-2019 à 12:58:01 Déconnexion de Admin [ Admin ]
28-10-2019 à 12:58:06 Tentative de connexion avec l'identifiant [ Admin ] et le mot de passe [ @dm|n5667 ]
28/10/2019;12:58:14;Test
28-10-2019 à 12:58:14 Connexion de Admin [ Admin ]
28-10-2019 à 12:58:19 Déconnexion de Admin [ Admin ]
28/10/2019;12:58:35;Test
28-10-2019 à 12:58:35 Connexion de Admin [ Admin ]
28-10-2019 à 12:59:13 Déconnexion de Admin [ Admin ]
28-10-2019 à 13:55:29 Tentative de connexion avec l'identifiant [ Admin ] et le mot de passe [ @dm|nBà|ler ]
28/10/2019;13:55:39;Test
28-10-2019 à 13:55:39 Connexion de Admin [ Admin ]
28/10/2019;13:56:11;Test
28-10-2019 à 13:56:11 Connexion de Admin [ Admin ]
28-10-2019 à 13:59:26 Déconnexion de Admin [ Admin ]
28/10/2019;13:59:31;Test
28-10-2019 à 13:59:31 Connexion de Admin [ Admin ]
28-10-2019 à 14:00:10 Déconnexion de Admin [ Admin ]
28/10/2019;14:00:22;Test
28-10-2019 à 14:00:22 Connexion de Admin [ Admin ]
28/10/2019;14:18:46;Test
28-10-2019 à 14:18:46 Connexion de Admin [ Admin ]
28-10-2019 à 14:20:01 Déconnexion de Admin [ Admin ]
28/10/2019;14:20:13;Test
28-10-2019 à 14:20:13 Connexion de Admin [ Admin ]
28/10/2019;14:23:32;Test
28-10-2019 à 14:23:32 Connexion de Admin [ Admin ]
28-10-2019 à 14:23:40 Déconnexion de Admin [ Admin ]
28/10/2019;14:23:45;Test
28-10-2019 à 14:23:45 Connexion de Admin [ Admin ]
28-10-2019 à 14:24:18 Déconnexion de Admin [ Admin ]
28/10/2019;14:24:25;Test
28-10-2019 à 14:24:25 Connexion de Admin [ Admin ]
28-10-2019 à 14:24:38 Déconnexion de Admin [ Admin ]
28/10/2019;14:24:47;Test
28-10-2019 à 14:24:47 Connexion de Admin [ Admin ]
28-10-2019 à 14:33:20 Déconnexion de Admin [ Admin ]
28/10/2019;14:33:29;Test
28-10-2019 à 14:33:29 Connexion de Admin [ Admin ]
28-10-2019 à 14:33:44 Déconnexion de Admin [ Admin ]
28/10/2019;14:33:53;Test
28-10-2019 à 14:33:53 Connexion de Admin [ Admin ]
28-10-2019 à 14:37:24 Déconnexion de Admin [ Admin ]
28/10/2019;14:37:30;Test
28-10-2019 à 14:37:30 Connexion de Admin [ Admin ]
28-10-2019 à 14:37:50 Déconnexion de Admin [ Admin ]
28/10/2019;14:37:56;Test
28-10-2019 à 14:37:56 Connexion de Admin [ Admin ]
28-10-2019 à 14:38:28 Déconnexion de Admin [ Admin ]
28/10/2019;14:38:35;Test
28-10-2019 à 14:38:35 Connexion de Admin [ Admin ]
28-10-2019 à 14:38:45 Déconnexion de Admin [ Admin ]
28/10/2019;14:38:50;Test
28-10-2019 à 14:38:50 Connexion de Admin [ Admin ]
28-10-2019 à 14:39:17 Déconnexion de Admin [ Admin ]
28/10/2019;14:39:21;Test
28-10-2019 à 14:39:21 Connexion de Admin [ Admin ]
28-10-2019 à 14:53:57 Déconnexion de Admin [ Admin ]
28/10/2019;14:54:02;Test
28-10-2019 à 14:54:02 Connexion de Admin [ Admin ]
28-10-2019 à 14:55:01 Déconnexion de Admin [ Admin ]
28/10/2019;14:55:07;Test
28-10-2019 à 14:55:07 Connexion de Admin [ Admin ]
28-10-2019 à 14:56:50 Déconnexion de Admin [ Admin ]
28/10/2019;14:56:56;Test
28-10-2019 à 14:56:56 Connexion de Admin [ Admin ]
28-10-2019 à 15:02:36 Déconnexion de Admin [ Admin ]
28/10/2019;15:02:47;Test
28-10-2019 à 15:02:47 Connexion de Admin [ Admin ]
28-10-2019 à 15:08:44 Déconnexion de Admin [ Admin ]
28/10/2019;15:09:14;Test
28-10-2019 à 15:09:14 Connexion de Admin [ Admin ]
28-10-2019 à 15:11:11 Déconnexion de Admin [ Admin ]
28/10/2019;15:11:18;Test
28-10-2019 à 15:11:18 Connexion de Admin [ Admin ]
28-10-2019 à 15:15:51 Déconnexion de Admin [ Admin ]
28/10/2019;15:16:06;Test
28-10-2019 à 15:16:06 Connexion de Admin [ Admin ]
28-10-2019 à 15:17:10 Déconnexion de Admin [ Admin ]
28/10/2019;15:17:22;Test
28-10-2019 à 15:17:22 Connexion de Admin [ Admin ]
28-10-2019 à 15:20:51 Déconnexion de Admin [ Admin ]
28/10/2019;15:20:56;Test
28-10-2019 à 15:20:56 Connexion de Admin [ Admin ]
28-10-2019 à 15:21:35 Déconnexion de Admin [ Admin ]
28/10/2019;15:21:46;Test
28-10-2019 à 15:21:46 Connexion de Admin [ Admin ]
28-10-2019 à 15:22:13 Déconnexion de Admin [ Admin ]
28/10/2019;15:22:19;Test
28-10-2019 à 15:22:19 Connexion de Admin [ Admin ]
28-10-2019 à 15:22:42 Déconnexion de Admin [ Admin ]
28/10/2019;15:24:29;Test
28-10-2019 à 15:24:29 Connexion de Admin [ Admin ]
28-10-2019 à 15:24:32 Déconnexion de Admin [ Admin ]
28/10/2019;15:24:58;Test
28-10-2019 à 15:24:58 Connexion de Admin [ Admin ]
28-10-2019 à 15:25:39 Déconnexion de Admin [ Admin ]
28/10/2019;15:25:47;Test
28-10-2019 à 15:25:47 Connexion de Admin [ Admin ]
28-10-2019 à 15:30:43 Déconnexion de Admin [ Admin ]
28/10/2019;15:30:53;Test
28-10-2019 à 15:30:53 Connexion de Admin [ Admin ]
28-10-2019 à 15:33:26 Déconnexion de Admin [ Admin ]
28/10/2019;15:33:32;Test
28-10-2019 à 15:33:32 Connexion de Admin [ Admin ]
28-10-2019 à 15:34:12 Déconnexion de Admin [ Admin ]
28/10/2019;15:34:20;Test
28-10-2019 à 15:34:20 Connexion de Admin [ Admin ]
28-10-2019 à 15:40:03 Déconnexion de Admin [ Admin ]
28-10-2019 à 15:40:14 Tentative de connexion avec l'identifiant [ Admin ] et le mot de passe [ @d|nB0|ler ]
28/10/2019;15:40:19;Test
28-10-2019 à 15:40:19 Connexion de Admin [ Admin ]
28-10-2019 à 15:52:45 Déconnexion de Admin [ Admin ]
28/10/2019;15:52:53;Test
28-10-2019 à 15:52:53 Connexion de Admin [ Admin ]
28-10-2019 à 15:53:37 Déconnexion de Admin [ Admin ]
28/10/2019;15:53:47;Test
28-10-2019 à 15:53:47 Connexion de Admin [ Admin ]
28-10-2019 à 15:54:15 Déconnexion de Admin [ Admin ]
28/10/2019;15:54:20;Test
28-10-2019 à 15:54:20 Connexion de Admin [ Admin ]
28/10/2019;16:52:48;Test
28-10-2019 à 16:52:48 Connexion de Michael Debuyck [ DEBUYCKMI ]
28-10-2019 à 16:54:32 Déconnexion de Michael Debuyck [ DEBUYCKMI ]
28/10/2019;16:54:40;Test
28-10-2019 à 16:54:40 Connexion de Michael Debuyck [ DEBUYCKMI ]
29-10-2019 à 09:24:13 Tentative de connexion avec l'identifiant [  ] et le mot de passe [  ]
29-10-2019 à 09:24:20 Tentative de connexion avec l'identifiant [ Admin ] et le mot de passe [ @dm|nB|ler ]
29/10/2019;09:24:27;Test
29-10-2019 à 09:24:27 Connexion de Admin [ Admin ]
29/10/2019;10:09:57;Test
29-10-2019 à 10:09:57 Connexion de Admin [ Admin ]
29-10-2019 à 10:26:41 Déconnexion de Admin [ Admin ]
29-10-2019 à 10:26:57 Tentative de connexion avec l'identifiant [ Admin ] et le mot de passe [ @dm|nB0|lre ]
29-10-2019 à 10:27:03 Tentative de connexion avec l'identifiant [ Admin ] et le mot de passe [ @dem|nB0|ler ]
29/10/2019;10:27:09;Test
29-10-2019 à 10:27:09 Connexion de Admin [ Admin ]
29-10-2019 à 10:31:38 Déconnexion de Admin [ Admin ]
29/10/2019;10:31:58;Test
29-10-2019 à 10:31:58 Connexion de Admin [ Admin ]
29-10-2019 à 10:33:16 Déconnexion de Admin [ Admin ]
29/10/2019;10:33:23;Test
29-10-2019 à 10:33:23 Connexion de Admin [ Admin ]
29-10-2019 à 10:34:52 Déconnexion de Admin [ Admin ]
29/10/2019;10:35:00;Test
29-10-2019 à 10:35:00 Connexion de Admin [ Admin ]
29-10-2019 à 10:36:44 Déconnexion de Admin [ Admin ]
29/10/2019;10:36:49;Test
29-10-2019 à 10:36:49 Connexion de Admin [ Admin ]
29-10-2019 à 10:37:06 Déconnexion de Admin [ Admin ]
29/10/2019;10:37:17;Test
29-10-2019 à 10:37:17 Connexion de Admin [ Admin ]
29-10-2019 à 10:37:30 Déconnexion de Admin [ Admin ]
29/10/2019;10:37:35;Test
29-10-2019 à 10:37:35 Connexion de Admin [ Admin ]
29-10-2019 à 11:54:00 Déconnexion de Admin [ Admin ]
29/10/2019;11:54:34;Test
29-10-2019 à 11:54:34 Connexion de Admin [ Admin ]
29-10-2019 à 11:57:48 Déconnexion de Admin [ Admin ]
29/10/2019;11:57:59;Test
29-10-2019 à 11:57:59 Connexion de Admin [ Admin ]
29-10-2019 à 11:59:11 Déconnexion de Admin [ Admin ]
29/10/2019;11:59:19;Test
29-10-2019 à 11:59:19 Connexion de Admin [ Admin ]
29-10-2019 à 11:59:31 Déconnexion de Admin [ Admin ]
29/10/2019;11:59:40;Test
29-10-2019 à 11:59:40 Connexion de Admin [ Admin ]
29-10-2019 à 12:10:21 Déconnexion de Admin [ Admin ]
29/10/2019;12:10:31;Test
29-10-2019 à 12:10:31 Connexion de Admin [ Admin ]
29-10-2019 à 12:22:57 Déconnexion de Admin [ Admin ]
29/10/2019;12:23:05;Test
29-10-2019 à 12:23:05 Connexion de Admin [ Admin ]
29/10/2019;12:34:12;Test
29-10-2019 à 12:34:12 Connexion de Admin [ Admin ]
29-10-2019 à 12:34:26 Déconnexion de Admin [ Admin ]
29/10/2019;12:34:36;Test
29-10-2019 à 12:34:36 Connexion de Admin [ Admin ]
29-10-2019 à 12:41:48 Déconnexion de Admin [ Admin ]
29/10/2019;14:22:40;Test
29-10-2019 à 14:22:40 Connexion de Admin [ Admin ]
29-10-2019 à 14:23:20 Déconnexion de Admin [ Admin ]
29/10/2019;15:41:53;Test
29-10-2019 à 15:41:53 Connexion de Admin [ Admin ]
30/10/2019;09:47:01;Test
30-10-2019 à 09:47:01 Connexion de Admin [ Admin ]
30-10-2019 à 09:52:25 Déconnexion de Admin [ Admin ]
30/10/2019;09:53:15;Test
30-10-2019 à 09:53:15 Connexion de Admin [ Admin ]
30/10/2019;09:57:51;Test
30-10-2019 à 09:57:51 Connexion de Admin [ Admin ]
30/10/2019;09:58:21;Test
30-10-2019 à 09:58:21 Connexion de Admin [ Admin ]
30/10/2019;09:58:38;Test
30-10-2019 à 09:58:38 Connexion de Admin [ Admin ]
30/10/2019;10:02:40;Test
30-10-2019 à 10:02:40 Connexion de Admin [ Admin ]
31-10-2019 à 14:54:12 Tentative de connexion avec l'identifiant [ Admin ] et le mot de passe [ @cm|nB0|ler ]
31-10-2019 à 14:54:18 Tentative de connexion avec l'identifiant [ Admin ] et le mot de passe [ @dm|n5667 ]
31-10-2019 à 14:54:38 Tentative de connexion avec l'identifiant [ Admin ] et le mot de passe [ @dm|n5667 ]
31/10/2019;15:12:40;Test
31-10-2019 à 15:12:40 Connexion de Admin [ Admin ]
31/10/2019;15:26:32;Test
31-10-2019 à 15:26:32 Connexion de Admin [ Admin ]
31-10-2019 à 15:27:19 Déconnexion de Admin [ Admin ]
31-10-2019 à 15:27:36 Tentative de connexion avec l'identifiant [ Admin ] et le mot de passe [ adm ]
31-10-2019 à 15:27:48 Tentative de connexion avec l'identifiant [ Admin ] et le mot de passe [ ad ]
31/10/2019;15:27:56;Test
31-10-2019 à 15:27:56 Connexion de Admin [ Admin ]
31/10/2019;15:29:03;Test
31-10-2019 à 15:29:03 Connexion de Admin [ Admin ]
31/10/2019;15:31:15;Test
31-10-2019 à 15:31:15 Connexion de Admin [ Admin ]
31/10/2019;15:32:20;Test
31-10-2019 à 15:32:20 Connexion de Admin [ Admin ]
31/10/2019;15:33:03;Test
31-10-2019 à 15:33:03 Connexion de Admin [ Admin ]
31/10/2019;15:33:20;Test
31-10-2019 à 15:33:20 Connexion de Admin [ Admin ]
31/10/2019;15:33:30;Test
31-10-2019 à 15:33:30 Connexion de Admin [ Admin ]
31/10/2019;15:35:16;Test
31-10-2019 à 15:35:16 Connexion de Admin [ Admin ]
31/10/2019;15:35:28;Test
31-10-2019 à 15:35:28 Connexion de Admin [ Admin ]
31/10/2019;15:35:36;Test
31-10-2019 à 15:35:36 Connexion de Admin [ Admin ]
31/10/2019;15:37:04;Test
31-10-2019 à 15:37:04 Connexion de Admin [ Admin ]
31-10-2019 à 15:38:27 Déconnexion de Admin [ Admin ]
31/10/2019;16:12:22;Test
31-10-2019 à 16:12:22 Connexion de Admin [ Admin ]
04-11-2019 à 11:53:15 Tentative de connexion avec l'identifiant [ Admin ] et le mot de passe [ @dm|n5667 ]
04-11-2019 à 11:59:41 Tentative de connexion avec l'identifiant [ Admin ] et le mot de passe [ @dm|n5667 ]
04-11-2019 à 12:26:14 Tentative de connexion avec l'identifiant [ Admin ] et le mot de passe [ @dm|n5667 ]
04-11-2019 à 12:26:30 Tentative de connexion avec l'identifiant [ Admin ] et le mot de passe [ @dm|n5667 ]
04-11-2019 à 12:26:37 Tentative de connexion avec l'identifiant [ Admin ] et le mot de passe [ @dm5667 ]
04-11-2019 à 12:26:53 Tentative de connexion avec l'identifiant [ Admin ] et le mot de passe [ @dm|n5667 ]
04-11-2019 à 12:27:09 Tentative de connexion avec l'identifiant [ Admin ] et le mot de passe [ @dm|n5667 ]
04-11-2019 à 12:27:49 Tentative de connexion avec l'identifiant [ Admin ] et le mot de passe [ @dm|n5667 ]
04-11-2019 à 12:30:15 Tentative de connexion avec l'identifiant [ Admin ] et le mot de passe [ @dm|n5667 ]
04/11/2019;12:30:28;Test
04-11-2019 à 12:30:28 Connexion de Admin [ Admin ]
04/11/2019;12:30:50;Test
04-11-2019 à 12:30:50 Connexion de Admin [ Admin ]
05-11-2019 à 14:53:56 Déconnexion de Admin [ Admin ]
05-11-2019 à 14:54:01 Tentative de connexion avec l'identifiant [ t3 ] et le mot de passe [ t3 ]
05-11-2019 à 14:54:07 Tentative de connexion avec l'identifiant [ test3 ] et le mot de passe [ t3 ]
05/11/2019;14:54:14;Test
05-11-2019 à 14:54:14 Connexion de Admin [ Admin ]
05-11-2019 à 15:04:10 Déconnexion de Admin [ Admin ]
05/11/2019;15:19:09;Test
05-11-2019 à 15:19:09 Connexion de Admin [ Admin ]
05-11-2019 à 16:04:23 Déconnexion de Admin [ Admin ]
05/11/2019;16:04:30;Test
05-11-2019 à 16:04:30 Connexion de Admin [ Admin ]
05-11-2019 à 16:10:07 Déconnexion de Admin [ Admin ]
05-11-2019 à 16:10:13 Tentative de connexion avec l'identifiant [ Admin ] et le mot de passe [ re ]
05-11-2019 à 16:10:20 Tentative de connexion avec l'identifiant [ Admin ] et le mot de passe [ @dm|nB0|ler ]
05/11/2019;16:10:46;Test
05-11-2019 à 16:10:46 Connexion de Admin [ Admin ]
05-11-2019 à 16:12:12 Déconnexion de Admin [ Admin ]
05/11/2019;16:12:19;Test
05-11-2019 à 16:12:19 Connexion de Admin [ Admin ]
05-11-2019 à 16:25:02 Déconnexion de Admin [ Admin ]
05/11/2019;16:25:11;Test
05-11-2019 à 16:25:11 Connexion de Julien Desurmont [ DESURMONTJU ]
05-11-2019 à 16:25:36 Déconnexion de Julien Desurmont [ DESURMONTJU ]
05/11/2019;16:25:45;Test
05-11-2019 à 16:25:45 Connexion de Julien Desurmont [ DESURMONTJU ]
05-11-2019 à 16:41:51 Déconnexion de Julien Desurmont [ DESURMONTJU ]
05-11-2019 à 16:42:06 Tentative de connexion avec l'identifiant [ DESURMONTJU ] et le mot de passe [ DESURMONTJU ]
05-11-2019 à 16:42:13 Tentative de connexion avec l'identifiant [ DESURMONTJU ] et le mot de passe [  ]
05-11-2019 à 16:42:29 Tentative de connexion avec l'identifiant [ DESURMONTJU ] et le mot de passe [ DESURMONTJU ]
05-11-2019 à 16:42:40 Tentative de connexion avec l'identifiant [ DESurmontju ] et le mot de passe [ DESURMONTJU ]
05/11/2019;16:42:48;Test
05-11-2019 à 16:42:48 Connexion de Admin [ Admin ]
05-11-2019 à 16:43:38 Déconnexion de Admin [ Admin ]
05/11/2019;16:43:43;Test
05-11-2019 à 16:43:43 Connexion de Julien Desurmont [ DESURMONTJU ]
06/11/2019;11:45:13;Test
06-11-2019 à 11:45:13 Connexion de Admin [ Admin ]
06-11-2019 à 11:45:18 Déconnexion de Admin [ Admin ]
06/11/2019;11:45:24;Test
06-11-2019 à 11:45:24 Connexion de Admin [ Admin ]
06/11/2019;11:45:39;Test
06-11-2019 à 11:45:39 Connexion de Admin [ Admin ]
06/11/2019;12:52:08;Test
06-11-2019 à 12:52:08 Connexion de Admin [ Admin ]
06-11-2019 à 14:13:35 Déconnexion de Admin [ Admin ]
06/11/2019;14:14:21;Test
06-11-2019 à 14:14:21 Connexion de Admin [ Admin ]
06-11-2019 à 14:15:24 Déconnexion de Admin [ Admin ]
06/11/2019;14:15:30;Test
06-11-2019 à 14:15:30 Connexion de Admin [ Admin ]
06/11/2019;15:34:17;Test
06-11-2019 à 15:34:17 Connexion de Admin [ Admin ]
06-11-2019 à 15:35:07 Déconnexion de Admin [ Admin ]
06/11/2019;15:35:31;Test
06-11-2019 à 15:35:31 Connexion de Admin [ Admin ]
06/11/2019;15:38:15;Test
06-11-2019 à 15:38:15 Connexion de Admin [ Admin ]
06/11/2019;15:44:37;Test
06-11-2019 à 15:44:37 Connexion de Admin [ Admin ]
06/11/2019;15:54:46;Test
06-11-2019 à 15:54:46 Connexion de Admin [ Admin ]
06/11/2019;16:00:34;Test
06-11-2019 à 16:00:34 Connexion de Admin [ Admin ]
08/11/2019;15:31:20;Test
08-11-2019 à 15:31:20 Connexion de Admin [ Admin ]
08/11/2019;15:32:58;Test
08-11-2019 à 15:32:58 Connexion de Admin [ Admin ]
12/11/2019;10:19:49;Test
12-11-2019 à 10:19:49 Connexion de Admin [ Admin ]
12-11-2019 à 10:23:19 Tentative de connexion avec l'identifiant [ Admin ] et le mot de passe [ @dm|n5667 ]
12/11/2019;10:23:25;Test
12-11-2019 à 10:23:25 Connexion de Admin [ Admin ]
12-11-2019 à 12:19:31 Déconnexion de Admin [ Admin ]
12/11/2019;12:19:42;Test
12-11-2019 à 12:19:42 Connexion de Julien Desurmont [ DESURMONTJU ]
12-11-2019 à 12:20:35 Déconnexion de Julien Desurmont [ DESURMONTJU ]
12-11-2019 à 12:20:42 Tentative de connexion avec l'identifiant [ testv2 ] et le mot de passe [ testv2 ]
12/11/2019;12:21:37;Test
12-11-2019 à 12:21:37 Connexion de Test V2 [ TestV2 ]
12-11-2019 à 12:27:35 Déconnexion de Test V2 [ TestV2 ]
12/11/2019;12:27:42;Test
12-11-2019 à 12:27:42 Connexion de Test V2 [ TestV2 ]
12-11-2019 à 15:00:58 Déconnexion de Test V2 [ TestV2 ]
12-11-2019 à 15:01:03 Tentative de connexion avec l'identifiant [  ] et le mot de passe [ @dm|nB0|ler ]
12/11/2019;15:01:09;Test
12-11-2019 à 15:01:09 Connexion de Admin [ Admin ]
12-11-2019 à 15:07:07 Déconnexion de Admin [ Admin ]
12/11/2019;15:07:13;Test
12-11-2019 à 15:07:13 Connexion de Test V2 [ TestV2 ]
12-11-2019 à 15:29:57 Déconnexion de Test V2 [ TestV2 ]
12/11/2019;15:30:05;Test
12-11-2019 à 15:30:05 Connexion de Admin [ Admin ]
13/11/2019;11:49:05;Test
13-11-2019 à 11:49:05 Connexion de Admin [ Admin ]
13/11/2019;12:00:12;Test
13-11-2019 à 12:00:12 Connexion de Admin [ Admin ]
