
14/01/2019;15:54:10;[MAIL];Mail envoyé à automaticiens@cargo.local
14/01/2019;15:55:36;[MAIL];Mail envoyé à l.roelandt@lci-group.fr
14/01/2019;16:01:09;[MAIL];Mail envoyé à automaticiens@cargo.local
14/01/2019;16:01:46;[MAIL];Mail envoyé à automaticiens@cargo.local
14/01/2019;16:03:09;[MAIL];Mail envoyé à automaticiens@lci-group.fr
14/01/2019;16:07:26;[MAIL];Mail envoyé à automaticiens@lci-group.fr
18/02/2019;17:55:21;[MAIL];Mail envoyé à a.bazelis@lts-france.fr
22/02/2019;11:57:11;[MAIL];Mail envoyé à a.bazelis@lts-france.fr
26/02/2019;09:53:43;[MAIL];Mail envoyé à automaticiens@lci-group.fr
27/02/2019;08:31:19;[MAIL];Mail envoyé à automaticiens@lci-group.fr
27/02/2019;08:31:26;[MAIL];Mail envoyé à automaticiens@lci-group.fr
08/03/2019;08:47:41;[MAIL];Mail envoyé à a.bazelis@lts-france.fr
08/03/2019;14:01:52;[MAIL];Mail envoyé à a.bazelis@lts-france.fr
20/03/2019;10:50:01;[MAIL];Mail envoyé à automaticiens@lci-group.fr
20/03/2019;10:53:02;[MAIL];Mail envoyé à automaticiens@lci-group.fr
20/03/2019;13:40:37;[MAIL];Mail envoyé à automaticiens@lci-group.fr
20/03/2019;13:40:54;[MAIL];Mail envoyé à automaticiens@lci-group.fr
26/03/2019;11:29:40;[MAIL];Mail envoyé à automaticiens@lci-group.fr
26/03/2019;11:31:08;[MAIL];Mail envoyé à a.bazelis@lts-france.fr
28/03/2019;14:25:50;[MAIL];Mail envoyé à a.bazelis@lts-france.fr
19/06/2019;11:33:39;[MAIL];Mail envoyé à admin@lci-group.fr
19/06/2019;11:34:13;[MAIL];Mail envoyé à admin@lci-group.fr
19/06/2019;11:36:35;[MAIL];Mail envoyé à j.desurmont@lci-group.fr
19/06/2019;11:39:44;[MAIL];Mail envoyé à admin@lci-group.fr
19/06/2019;11:40:05;[MAIL];Mail envoyé à j.desurmont@lci-group.fr
19/06/2019;11:43:59;[MAIL];Mail envoyé à j.desurmont@lci-group.fr
19/06/2019;11:44:07;[MAIL];Mail envoyé à j.desurmont@lci-group.fr
19/06/2019;11:47:14;[MAIL];Mail envoyé à admin@lci-group.fr
19/06/2019;11:59:39;[MAIL];Mail envoyé à admin@lci-group.fr
19/06/2019;12:00:07;[MAIL];Mail envoyé à admin@lci-group.fr
19/06/2019;12:02:24;[MAIL];Mail envoyé à admin@lci-group.fr
19/06/2019;12:06:58;[MAIL];Mail envoyé à j.desurmont@lci-group.fr
19/06/2019;12:08:47;[MAIL];Mail envoyé à j.desurmont@lci-group.fr
19/06/2019;13:23:43;[MAIL];Mail envoyé à admin@lci-group.fr
19/06/2019;13:23:53;[MAIL];Mail envoyé à j.desurmont@lci-group.fr
19/06/2019;13:24:54;[ERROR] [MAIL];Echec de l'envoi de l'email à j.desurmont@lci-group.fr
19/06/2019;13:25:01;[ERROR] [MAIL];Echec de l'envoi de l'email à j.desurmont@lci-group.fr
19/06/2019;13:28:10;[ERROR] [MAIL];Echec de l'envoi de l'email à admin@lci-group.fr
27/06/2019;16:51:30;[MAIL];Mail envoyé à j.desurmont@lci-group.fr
27/06/2019;17:02:19;[MAIL];Mail envoyé à j.desurmont@lci-group.fr
27/06/2019;17:03:00;[MAIL];Mail envoyé à j.desurmont@lci-group.fr
27/06/2019;17:04:19;[MAIL];Mail envoyé à j.desurmont@lci-group.fr
27/06/2019;17:05:07;[MAIL];Mail envoyé à j.desurmont@lci-group.fr
27/06/2019;17:05:48;[MAIL];Mail envoyé à j.desurmont@lci-group.fr
27/06/2019;17:06:37;[MAIL];Mail envoyé à j.desurmont@lci-group.fr
27/06/2019;17:08:12;[MAIL];Mail envoyé à j.desurmont@lci-group.fr
27/06/2019;17:09:39;[MAIL];Mail envoyé à j.desurmont@lci-group.fr
30/07/2019;16:14:41;[MAIL];Mail envoyé à admin@lci-group.fr
31/07/2019;09:32:38;[MAIL];Mail envoyé à admin@lci-group.fr
30/09/2019;16:15:05;[MAIL];Mail envoyé à a.simon@lci-group.fr
30/09/2019;16:15:19;[MAIL];Mail envoyé à a.simon@lci-group.fr
06/11/2019;15:16:18;[MAIL];Mail envoyé à a.simon@lci-group.fr
06/11/2019;15:26:17;[MAIL];Mail envoyé à a.simon@lci-group.fr
06/11/2019;15:27:32;[MAIL];Mail envoyé à a.simon@lci-group.fr
13/11/2019;11:52:53;[MAIL];Mail envoyé à d.delienne@lci-group.fr
13/11/2019;12:27:33;[MAIL];Mail envoyé à j.desurmont@lci-group.fr
13/11/2019;12:27:57;[MAIL];Mail envoyé à j.desurmont@lci-group.fr
13/11/2019;12:38:45;[MAIL];Mail envoyé à j.desurmont@lci-group.fr
13/11/2019;12:39:52;[MAIL];Mail envoyé à j.desurmont@lci-group.fr
